Log file open, 10/26/19 14:28:38
LogInit:Display: Running engine for game: HIZAMAKURA2019
LogPlatformFile: Not using cached read wrapper
LogInit:Display: RandInit(-489064964) SRandInit(-489064964).
LogTaskGraph: Started task graph with 5 named threads and 8 total threads with 1 sets of task threads.
LogStats: Stats thread started at 0.092941
LogInit: Using libcurl 7.47.1
LogInit:  - built for x86_64-pc-win32
LogInit:  - supports SSL with OpenSSL/1.0.2g
LogInit:  - supports HTTP deflate (compression) using libz 1.2.8
LogInit:  - other features:
LogInit:      CURL_VERSION_SSL
LogInit:      CURL_VERSION_LIBZ
LogInit:      CURL_VERSION_IPV6
LogInit:      CURL_VERSION_ASYNCHDNS
LogInit:      CURL_VERSION_LARGEFILE
LogInit:      CURL_VERSION_IDN
LogInit:  CurlRequestOptions (configurable via config and command line):
LogInit:  - bVerifyPeer = false  - Libcurl will NOT verify peer certificate
LogInit:  - bUseHttpProxy = false  - Libcurl will NOT use HTTP proxy
LogInit:  - bDontReuseConnections = false  - Libcurl will reuse connections
LogInit:  - CertBundlePath = nullptr  - Libcurl will use whatever was configured at build time.
LogInit: Build: ++UE4+Release-4.16-CL-3561208
LogInit: Engine Version: 4.16.3-3561208+++UE4+Release-4.16
LogInit: Compatible Engine Version: 4.16.0-3452394+++UE4+Release-4.16
LogInit: Net CL: 3452394
LogDevObjectVersion: Number of dev versions registered: 16
LogDevObjectVersion:   Dev-Blueprints (B0D832E4-1F89-4F0D-ACCF-7EB736FD4AA2): 9
LogDevObjectVersion:   Dev-Build (E1C64328-A22C-4D53-A36C-8E866417BD8C): 0
LogDevObjectVersion:   Dev-Core (375EC13C-06E4-48FB-B500-84F0262A717E): 2
LogDevObjectVersion:   Dev-Editor (E4B068ED-F494-42E9-A231-DA0B2E46BB41): 17
LogDevObjectVersion:   Dev-Framework (CFFC743F-43B0-4480-9391-14DF171D2073): 23
LogDevObjectVersion:   Dev-Mobile (B02B49B5-BB20-44E9-A304-32B752E40360): 0
LogDevObjectVersion:   Dev-Networking (A4E4105C-59A1-49B5-A7C5-40C4547EDFEE): 0
LogDevObjectVersion:   Dev-Online (39C831C9-5AE6-47DC-9A44-9C173E1C8E7C): 0
LogDevObjectVersion:   Dev-Physics (78F01B33-EBEA-4F98-B9B4-84EACCB95AA2): 0
LogDevObjectVersion:   Dev-Platform (6631380F-2D4D-43E0-8009-CF276956A95A): 0
LogDevObjectVersion:   Dev-Rendering (12F88B9F-8875-4AFC-A67C-D90C383ABD29): 15
LogDevObjectVersion:   Dev-Sequencer (7B5AE74C-D270-4C10-A958-57980B212A5A): 4
LogDevObjectVersion:   Dev-VR (D7296918-1DD6-4BDD-9DE2-64A83CC13884): 0
LogDevObjectVersion:   Dev-LoadTimes (C2A15278-BFE7-4AFE-6C17-90FF531DF755): 1
LogDevObjectVersion:   Private-Geometry (6EACA3D4-40EC-4CC1-B786-8BED09428FC5): 1
LogDevObjectVersion:   Dev-AnimPhys (29E575DD-E0A3-4627-9D10-D276232CDCEA): 3
LogInit: Compiled (64-bit): Jul 28 2017 11:49:47
LogInit: Compiled with Visual C++: 19.00.24215.01
LogInit: Build Configuration: Development
LogInit: Branch Name: ++UE4+Release-4.16
LogInit: Command line:  
LogInit: Base directory: C:/Program Files/Epic Games/UE_4.16/Engine/Binaries/Win64/
LogInit: Installed Engine Build: 1
LogInit: Presizing for max 8388607 objects, including 0 objects not considered by GC, pre-allocating 0 bytes for permanent pool.
LogInit: Object subsystem initialized
[2019.10.26-05.28.38:594][  0]LogInit: Selected Device Profile: [Windows]
[2019.10.26-05.28.38:594][  0]LogInit: Applying CVar settings loaded from the selected device profile: [Windows]
[2019.10.26-05.28.38:608][  0]LogInit: Computer: DESKTOP-QH1O805
[2019.10.26-05.28.38:608][  0]LogInit: User: densan
[2019.10.26-05.28.38:608][  0]LogInit: CPU Page size=4096, Cores=4
[2019.10.26-05.28.38:609][  0]LogInit: High frequency timer resolution =10.000000 MHz
[2019.10.26-05.28.38:609][  0]LogMemory: Memory total: Physical=15.9GB (16GB approx)
[2019.10.26-05.28.38:609][  0]LogMemory: Platform Memory Stats for Windows
[2019.10.26-05.28.38:609][  0]LogMemory: Process Physical Memory: 273.09 MB used, 273.10 MB peak
[2019.10.26-05.28.38:609][  0]LogMemory: Process Virtual Memory: 261.00 MB used, 261.00 MB peak
[2019.10.26-05.28.38:609][  0]LogMemory: Physical Memory: 4890.45 MB used,  11425.67 MB free, 16316.12 MB total
[2019.10.26-05.28.38:609][  0]LogMemory: Virtual Memory: 4757.34 MB used,  11425.67 MB free, 134217728.00 MB total
[2019.10.26-05.28.38:709][  0]LogInit: Using OS detected language (ja-JP).
[2019.10.26-05.28.38:709][  0]LogInit: Using OS detected locale (ja-JP).
[2019.10.26-05.28.38:711][  0]LogTextLocalizationManager: No specific localization for 'ja-JP' exists, so the 'ja' localization will be used.
[2019.10.26-05.28.39:429][  0]LogD3D11RHI: D3D11 adapters:
[2019.10.26-05.28.39:482][  0]LogD3D11RHI:    0. 'NVIDIA GeForce GTX 1070' (Feature Level 11_0)
[2019.10.26-05.28.39:482][  0]LogD3D11RHI:       8088/0/8158 MB DedicatedVideo/DedicatedSystem/SharedSystem, Outputs:2, VendorId:0x10de
[2019.10.26-05.28.39:484][  0]LogD3D11RHI:    1. 'Microsoft Basic Render Driver' (Feature Level 11_0)
[2019.10.26-05.28.39:484][  0]LogD3D11RHI:       0/0/8158 MB DedicatedVideo/DedicatedSystem/SharedSystem, Outputs:0, VendorId:0x1414
[2019.10.26-05.28.39:484][  0]LogD3D11RHI: Chosen D3D11 Adapter: 0
[2019.10.26-05.28.39:490][  0]LogD3D11RHI: Creating new Direct3DDevice
[2019.10.26-05.28.39:490][  0]LogD3D11RHI:     GPU DeviceId: 0x1b81 (for the marketing name, search the web for "GPU Device Id")
[2019.10.26-05.28.39:490][  0]LogWindows: EnumDisplayDevices:
[2019.10.26-05.28.39:490][  0]LogWindows:    0. 'NVIDIA GeForce GTX 1070' (P:1 D:1)
[2019.10.26-05.28.39:490][  0]LogWindows:    1. 'NVIDIA GeForce GTX 1070' (P:0 D:1)
[2019.10.26-05.28.39:490][  0]LogWindows:    2. 'NVIDIA GeForce GTX 1070' (P:0 D:0)
[2019.10.26-05.28.39:490][  0]LogWindows:    3. 'NVIDIA GeForce GTX 1070' (P:0 D:0)
[2019.10.26-05.28.39:490][  0]LogWindows: DebugString: GetVideoDriverDetailsInvalid PrimaryIsNotTheChoosenAdapter GetVideoDriverDetailsInvalid PrimaryIsNotTheChoosenAdapter GetVideoDriverDetailsInvalid PrimaryIsNotTheChoosenAdapter GetVideoDriverDetailsInvalid PrimaryIsNotTheChoosenAdapter FoundDriverCount:0 
[2019.10.26-05.28.39:490][  0]LogD3D11RHI:     Adapter Name: NVIDIA GeForce GTX 1070
[2019.10.26-05.28.39:490][  0]LogD3D11RHI:   Driver Version: Unknown (internal:Unknown, unified:Unknown)
[2019.10.26-05.28.39:490][  0]LogD3D11RHI:      Driver Date: Unknown
[2019.10.26-05.28.39:490][  0]LogRHI: Texture pool is 1361 MB (70% of 1945 MB)
[2019.10.26-05.28.39:521][  0]LogD3D11RHI: Async texture creation enabled
[2019.10.26-05.28.39:537][  0]LogD3D11RHI: GPU Timing Frequency: 1000.000000 (Debug: 2 2)
[2019.10.26-05.28.39:587][  0]LogShaderCompilers: Guid format shader working directory is -15 characters bigger than the processId version (../../../../../../Users/densan/Documents/GitHub/hizamakura2019/Intermediate/Shaders/WorkingDirectory/4940/).
[2019.10.26-05.28.39:587][  0]LogShaderCompilers: Cleaned the shader compiler working directory 'C:/Users/densan/AppData/Local/Temp/UnrealShaderWorkingDir/5B1E3A4E4D39922CD6937DA86A5FD09C/'.
[2019.10.26-05.28.39:587][  0]LogShaderCompilers:Display: Using Local Shader Compiler.
[2019.10.26-05.28.40:523][  0]LogTemp:Display: Loaded TP AllDesktopTargetPlatform
[2019.10.26-05.28.40:587][  0]LogTemp:Display: Loaded TP MacClientTargetPlatform
[2019.10.26-05.28.40:652][  0]LogTemp:Display: Loaded TP MacNoEditorTargetPlatform
[2019.10.26-05.28.40:715][  0]LogTemp:Display: Loaded TP MacServerTargetPlatform
[2019.10.26-05.28.40:781][  0]LogTemp:Display: Loaded TP MacTargetPlatform
[2019.10.26-05.28.40:847][  0]LogTemp:Display: Loaded TP WindowsClientTargetPlatform
[2019.10.26-05.28.40:919][  0]LogTemp:Display: Loaded TP WindowsNoEditorTargetPlatform
[2019.10.26-05.28.40:984][  0]LogTemp:Display: Loaded TP WindowsServerTargetPlatform
[2019.10.26-05.28.41:049][  0]LogTemp:Display: Loaded TP WindowsTargetPlatform
[2019.10.26-05.28.41:123][  0]LogTemp:Display: Loaded TP AndroidTargetPlatform
[2019.10.26-05.28.41:198][  0]LogTemp:Display: Loaded TP Android_ASTCTargetPlatform
[2019.10.26-05.28.41:263][  0]LogTemp:Display: Loaded TP Android_ATCTargetPlatform
[2019.10.26-05.28.41:328][  0]LogTemp:Display: Loaded TP Android_DXTTargetPlatform
[2019.10.26-05.28.41:391][  0]LogTemp:Display: Loaded TP Android_ETC1TargetPlatform
[2019.10.26-05.28.41:454][  0]LogTemp:Display: Loaded TP Android_ETC2TargetPlatform
[2019.10.26-05.28.41:583][  0]LogTemp:Display: Loaded TP Android_MultiTargetPlatform
[2019.10.26-05.28.41:583][  0]LogTemp:Display: Loaded TP Android_PVRTCTargetPlatform
[2019.10.26-05.28.41:638][  0]LogTemp:Display: Loaded TP HTML5TargetPlatform
[2019.10.26-05.28.41:758][  0]LogTemp:Display: Loaded TP IOSTargetPlatform
[2019.10.26-05.28.41:797][  0]LogTemp:Display: Loaded TP TVOSTargetPlatform
[2019.10.26-05.28.41:860][  0]LogTemp:Display: Loaded TP LinuxClientTargetPlatform
[2019.10.26-05.28.41:924][  0]LogTemp:Display: Loaded TP LinuxNoEditorTargetPlatform
[2019.10.26-05.28.41:988][  0]LogTemp:Display: Loaded TP LinuxServerTargetPlatform
[2019.10.26-05.28.42:053][  0]LogTemp:Display: Loaded TP LinuxTargetPlatform
[2019.10.26-05.28.42:053][  0]LogTargetPlatformManager:Display: Building Assets For Windows
[2019.10.26-05.28.42:770][  0]LogDerivedDataCache:Display: Max Cache Size: 512 MB
[2019.10.26-05.28.42:850][  0]LogDerivedDataCache: Loaded boot cache 0.08s 90MB C:/Users/densan/AppData/Local/UnrealEngine/4.16/DerivedDataCache/Boot.ddc.
[2019.10.26-05.28.42:850][  0]LogDerivedDataCache:Display: Loaded Boot cache: C:/Users/densan/AppData/Local/UnrealEngine/4.16/DerivedDataCache/Boot.ddc
[2019.10.26-05.28.42:850][  0]LogDerivedDataCache: FDerivedDataBackendGraph:  Pak pak cache file ../../../../../../Users/densan/Documents/GitHub/hizamakura2019/DerivedDataCache/DDC.ddp not found, will not use a pak cache.
[2019.10.26-05.28.42:850][  0]LogDerivedDataCache: Unable to find inner node Pak for hierarchical cache Hierarchy.
[2019.10.26-05.28.42:851][  0]LogDerivedDataCache: FDerivedDataBackendGraph:  CompressedPak pak cache file ../../../../../../Users/densan/Documents/GitHub/hizamakura2019/DerivedDataCache/Compressed.ddp not found, will not use a pak cache.
[2019.10.26-05.28.42:851][  0]LogDerivedDataCache: Unable to find inner node CompressedPak for hierarchical cache Hierarchy.
[2019.10.26-05.28.42:864][  0]LogDerivedDataCache:Display: Pak cache opened for reading ../../../Engine/DerivedDataCache/Compressed.ddp.
[2019.10.26-05.28.42:876][  0]LogDerivedDataCache: Using Local data cache path C:/Users/densan/AppData/Local/UnrealEngine/Common/DerivedDataCache: Writable
[2019.10.26-05.28.42:884][  0]LogMaterial: Verifying Global Shaders for PCD3D_SM5
[2019.10.26-05.28.42:884][  0]LogSlate: Using Freetype 2.6.0
[2019.10.26-05.28.42:885][  0]LogSlate: SlateFontCache - WITH_FREETYPE: 1, WITH_HARFBUZZ: 1
[2019.10.26-05.28.42:885][  0]LogSlate: SlateFontCache - WITH_FREETYPE: 1, WITH_HARFBUZZ: 1
[2019.10.26-05.28.43:166][  0]LogInit: Selected Device Profile: [Windows]
[2019.10.26-05.28.43:229][  0]LogContentStreaming: Texture pool size is 0.00 MB
[2019.10.26-05.28.43:399][  0]LogMeshUtilities: Using QuadricMeshReduction for automatic static mesh reduction
[2019.10.26-05.28.43:460][  0]LogSimplygon: Simplygon DLL not present - disabling.
[2019.10.26-05.28.43:522][  0]LogMeshUtilities: Using SimplygonSwarm for distributed automatic mesh merging
[2019.10.26-05.28.43:522][  0]LogMeshUtilities: No automatic skeletal mesh reduction module available
[2019.10.26-05.28.43:522][  0]LogMeshUtilities: No automatic mesh merging module available
[2019.10.26-05.28.44:091][  0]LogNetVersion: HIZAMAKURA2019 , NetCL: 3452394, EngineNetVer: 2, GameNetVer: 0 (Checksum: 1501706727)
[2019.10.26-05.28.44:164][  0]LogAssetRegistry: FAssetRegistry took 0.0263 seconds to start up
[2019.10.26-05.28.44:243][  0]LogPackageLocalizationCache: Processed 5 localized package path(s) for 2 prioritized culture(s) in 0.042588 seconds
[2019.10.26-05.28.44:247][  0]LogUObjectArray: 34194 objects as part of root set at end of initial load.
[2019.10.26-05.28.44:247][  0]LogUObjectAllocator: 7260416 out of 0 bytes used by permanent object pool.
[2019.10.26-05.28.44:247][  0]LogUObjectArray: CloseDisregardForGC: 0/0 objects in disregard for GC pool
[2019.10.26-05.28.44:359][  0]LogInit: WinSock: version 1.1 (2.2), MaxSocks=32767, MaxUdp=65467
[2019.10.26-05.28.47:122][  0]LogTcpMessaging: Initializing TcpMessaging bridge
[2019.10.26-05.28.47:175][  0]LogUdpMessaging: Initializing bridge on interface 0.0.0.0:0 to multicast group 230.0.0.1:6666.
[2019.10.26-05.28.47:852][  0]LogMaterial: Uniform references updated for custom material expression Custom.
[2019.10.26-05.28.48:362][  0]SourceControl: 情報 ソースコントロールは無効です
[2019.10.26-05.28.48:404][  0]SourceControl: 情報 ソースコントロールは無効です
[2019.10.26-05.28.48:477][  0]SourceControl: 情報 ソースコントロールは無効です
[2019.10.26-05.28.48:543][  0]SourceControl: 情報 ソースコントロールは無効です
[2019.10.26-05.28.48:912][  0]LogLinker:Warning: ファイル '/Game/FirstPersonBP/FirstPersonOverview' が見つかりません
[2019.10.26-05.28.48:912][  0]LogLinker:Warning: ファイル '/Game/FirstPersonBP/FirstPersonOverview' が見つかりません
[2019.10.26-05.28.48:912][  0]LogUObjectGlobals:Warning: オブジェクト 'Class /Game/FirstPersonBP/FirstPersonOverview.FirstPersonOverview_C' が見つかりませんでした
[2019.10.26-05.28.49:515][  0]LogAndroidPermission: UAndroidPermissionCallbackProxy::GetInstance
[2019.10.26-05.28.50:407][  0]LogEngine: Initializing Engine...
[2019.10.26-05.28.50:440][  0]LogHMD: Failed to initialize OpenVR with code 208
[2019.10.26-05.28.50:626][  0]LogStats: UGameplayTagsManager::ConstructGameplayTagTree: Construct from data asset -  0.000 s
[2019.10.26-05.28.50:626][  0]LogStats: UGameplayTagsManager::ConstructGameplayTagTree: GameplayTagTreeChangedEvent.Broadcast -  0.000 s
[2019.10.26-05.28.50:807][  0]LogAIModule: Creating AISystem for world Untitled
[2019.10.26-05.28.50:828][  0]LogInit: XAudio2 using 'スピーカー (USB Audio Device)' : 2 channels at 48 kHz using 16 bits per sample (channel mask 0x3)
[2019.10.26-05.28.50:855][  0]LogInit: FAudioDevice initialized.
[2019.10.26-05.28.50:901][  0]LogDerivedDataCache: Saved boot cache 0.05s 90MB C:/Users/densan/AppData/Local/UnrealEngine/4.16/DerivedDataCache/Boot.ddc.
[2019.10.26-05.28.50:921][  0]LogInit: Texture streaming: Enabled
[2019.10.26-05.28.51:071][  0]LogEngineSessionManager: EngineSessionManager initialized
[2019.10.26-05.28.51:384][  0]LogInit: Transaction tracking system initialized
[2019.10.26-05.28.51:847][  0]BlueprintLog: New page: エディタの読み込み
[2019.10.26-05.28.53:211][  0]LocalizationService: 情報 ローカライズのサービスが無効になりました
[2019.10.26-05.28.54:214][  0]LogConsoleResponse:Display: 
[2019.10.26-05.28.54:362][  0]LogCook:Display: Max memory allowance for cook 16384mb min free memory 0mb
[2019.10.26-05.28.54:362][  0]LogCook:Display: Mobile HDR setting 1
[2019.10.26-05.28.55:040][  0]LogFileCache: Scanning file cache for directory 'C:/Users/densan/Documents/GitHub/hizamakura2019/Content/' took 0.02s
[2019.10.26-05.28.55:710][  0]SourceControl: 情報 ソースコントロールは無効です
[2019.10.26-05.28.55:710][  0]Cmd: MAP LOAD FILE="../../../../../../Users/densan/Documents/GitHub/hizamakura2019/Content/StarterContent/Maps/Minimal_Default.umap" TEMPLATE=0 SHOWPROGRESS=1 FEATURELEVEL=3
[2019.10.26-05.28.55:714][  0]LightingResults: New page: ライティングのビルド
[2019.10.26-05.28.55:771][  0]MapCheck: New page: マップをチェック
[2019.10.26-05.28.55:771][  0]LightingResults: New page: <何も選択されていません>
[2019.10.26-05.28.56:070][  0]LogAIModule: Creating AISystem for world Minimal_Default
[2019.10.26-05.28.59:096][  0]LogEditorServer: Finished looking for orphan Actors (0.000 secs)
[2019.10.26-05.28.59:115][  0]Cmd: MAP CHECKDEP NOCLEARLOG
[2019.10.26-05.28.59:200][  0]MapCheck: 情報 マップチェックが完了: 0 エラー、 0 警告、完了に 86.433ミリ秒かかりました。
[2019.10.26-05.28.59:200][  0]LogFileHelpers: Loading map 'Minimal_Default' took 3.491
[2019.10.26-05.28.59:345][  0]LogCollectionManager: Loaded 0 collections in 0.001356 seconds
[2019.10.26-05.28.59:440][  0]LogFileCache: Scanning file cache for directory 'C:/Users/densan/Documents/GitHub/hizamakura2019/Saved/Collections/' took 0.01s
[2019.10.26-05.28.59:440][  0]LogFileCache: Scanning file cache for directory 'C:/Users/densan/Documents/GitHub/hizamakura2019/Content/Developers/densan/Collections/' took 0.01s
[2019.10.26-05.28.59:440][  0]LogFileCache: Scanning file cache for directory 'C:/Users/densan/Documents/GitHub/hizamakura2019/Content/Collections/' took 0.01s
[2019.10.26-05.28.59:440][  0]LogCollectionManager: Rebuilt the GUID cache for 0 collections in 0.000002 seconds
[2019.10.26-05.28.59:447][  0]LogContentBrowser: Native class hierarchy populated in 0.0071 seconds. Added 2340 classes and 495 folders.
[2019.10.26-05.28.59:537][  0]LogContentBrowser: Native class hierarchy updated for 'WidgetCarousel' in 0.0004 seconds. Added 0 classes and 0 folders.
[2019.10.26-05.28.59:570][  0]LogContentBrowser: Native class hierarchy updated for 'AddContentDialog' in 0.0004 seconds. Added 0 classes and 0 folders.
[2019.10.26-05.28.59:627][  0]LogContentBrowser: Native class hierarchy updated for 'SceneOutliner' in 0.0005 seconds. Added 1 classes and 2 folders.
[2019.10.26-05.28.59:743][  0]LogCrashTracker: Crashtracker disabled due to settings.
[2019.10.26-05.28.59:749][  0]LogSlate: Took 0.000251 seconds to synchronously load lazily loaded font '../../../Engine/Content/Slate/Fonts/Roboto-Regular.ttf' (155K)
[2019.10.26-05.28.59:753][  0]LogSlate: Took 0.002766 seconds to synchronously load lazily loaded font '../../../Engine/Content/Slate/Fonts/DroidSansFallback.ttf' (3848K)
[2019.10.26-05.28.59:754][  0]LogSlate: Took 0.000213 seconds to synchronously load lazily loaded font '../../../Engine/Content/Slate/Fonts/Roboto-Bold.ttf' (160K)
[2019.10.26-05.28.59:756][  0]LogSlate: Took 0.000156 seconds to synchronously load lazily loaded font '../../../Engine/Content/Editor/Slate/Fonts/FontAwesome.ttf' (139K)
[2019.10.26-05.28.59:826][  0]LogRenderer: Reallocating scene render targets to support 1208x580 NumSamples 1 (Frame:1).
[2019.10.26-05.28.59:868][  0]LogSlate: Took 0.000122 seconds to synchronously load lazily loaded font '../../../Engine/Content/Slate/Fonts/Roboto-Light.ttf' (159K)
[2019.10.26-05.28.59:909][  0]LogUObjectGlobals:Warning: オブジェクト 'Class なし.' が見つかりませんでした
[2019.10.26-05.28.59:989][  0]LogContentBrowser: Native class hierarchy updated for 'HierarchicalLODOutliner' in 0.0005 seconds. Added 1 classes and 2 folders.
[2019.10.26-05.28.59:989][  0]LogLoad: (Engine Initialization) Total time: 23.12 seconds
[2019.10.26-05.28.59:989][  0]LogLoad: (Engine Initialization) Total Blueprint compile time: 0.36 seconds
[2019.10.26-05.28.59:989][  0]LogExternalProfiler: Found external profiler: VSPerf
[2019.10.26-05.28.59:989][  0]LogExternalProfiler: Using external profiler: VSPerf
[2019.10.26-05.29.00:004][  0]LogOcInput: OculusInput pre-init called
[2019.10.26-05.29.00:004][  0]LogHMD: Starting GearVRController plugin
[2019.10.26-05.29.00:033][  0]LogAssetRegistry: Asset discovery search completed in 15.8922 seconds
[2019.10.26-05.29.00:035][  0]LogCollectionManager: Rebuilt the object cache for 0 collections in 0.000000 seconds (found 0 objects)
[2019.10.26-05.29.00:035][  0]LogCollectionManager: Fixed up redirectors for 0 collections in 0.000024 seconds (updated 0 objects)
[2019.10.26-05.29.00:038][  0]LogContentStreaming: Texture pool size now 1000 MB
[2019.10.26-05.29.00:109][  1]LogFileCache: Retrieving MD5 hashes for directory 'C:/Users/densan/Documents/GitHub/hizamakura2019/Content/' took 0.09s
[2019.10.26-05.41.56:343][992]Cmd: QUIT_EDITOR
[2019.10.26-05.41.56:375][992]LogWindowsTextInputMethodSystem:Display: IME system now activated using TSF (Microsoft IME).
[2019.10.26-05.41.56:386][992]LogExit: Preparing to exit.
[2019.10.26-05.41.56:714][992]LogDirectoryWatcher: A directory notification for 'C:/Users/densan/Documents/GitHub/hizamakura2019/Content/' was aborted.
[2019.10.26-05.41.56:743][992]LogExit: Editor shut down
[2019.10.26-05.41.56:746][992]LogExit: Transaction tracking system shut down
[2019.10.26-05.41.56:811][992]LogObj: Freed 0b from 0 cluster array pools.
[2019.10.26-05.41.56:811][992]LogExit: Object subsystem successfully closed.
[2019.10.26-05.41.56:832][992]LogD3D11RHI: Shutdown
[2019.10.26-05.41.56:832][992]LogD3D11RHI: CleanupD3DDevice
[2019.10.26-05.41.56:889][992]LogD3D11RHI: ~FD3D11DynamicRHI
[2019.10.26-05.41.56:907][992]LogModuleManager: Shutting down and abandoning module HierarchicalLODOutliner (526)
[2019.10.26-05.41.56:907][992]LogModuleManager: Shutting down and abandoning module CrashTracker (524)
[2019.10.26-05.41.56:907][992]LogModuleManager: Shutting down and abandoning module SceneOutliner (522)
[2019.10.26-05.41.56:907][992]LogModuleManager: Shutting down and abandoning module AddContentDialog (520)
[2019.10.26-05.41.56:907][992]LogDirectoryWatcher: A directory notification for 'C:/Program Files/Epic Games/UE_4.16/FeaturePacks/' was aborted.
[2019.10.26-05.41.56:908][992]LogModuleManager: Shutting down and abandoning module WidgetCarousel (519)
[2019.10.26-05.41.56:908][992]LogModuleManager: Shutting down and abandoning module EditorWidgets (516)
[2019.10.26-05.41.56:908][992]LogModuleManager: Shutting down and abandoning module CollectionManager (514)
[2019.10.26-05.41.56:908][992]LogDirectoryWatcher: A directory notification for 'C:/Users/densan/Documents/GitHub/hizamakura2019/Content/Collections/' was aborted.
[2019.10.26-05.41.56:908][992]LogDirectoryWatcher: A directory notification for 'C:/Users/densan/Documents/GitHub/hizamakura2019/Content/Developers/densan/Collections/' was aborted.
[2019.10.26-05.41.56:908][992]LogDirectoryWatcher: A directory notification for 'C:/Users/densan/Documents/GitHub/hizamakura2019/Saved/Collections/' was aborted.
[2019.10.26-05.41.56:908][992]LogModuleManager: Shutting down and abandoning module StatsViewer (512)
[2019.10.26-05.41.56:908][992]LogModuleManager: Shutting down and abandoning module FoliageEdit (510)
[2019.10.26-05.41.56:908][992]LogModuleManager: Shutting down and abandoning module LandscapeEditor (508)
[2019.10.26-05.41.56:908][992]LogModuleManager: Shutting down and abandoning module MeshPaintMode (506)
[2019.10.26-05.41.56:908][992]LogModuleManager: Shutting down and abandoning module SceneDepthPickerMode (504)
[2019.10.26-05.41.56:908][992]LogModuleManager: Shutting down and abandoning module ActorPickerMode (502)
[2019.10.26-05.41.56:908][992]LogModuleManager: Shutting down and abandoning module GeometryMode (500)
[2019.10.26-05.41.56:908][992]LogModuleManager: Shutting down and abandoning module TextureAlignMode (498)
[2019.10.26-05.41.56:908][992]LogModuleManager: Shutting down and abandoning module BspMode (496)
[2019.10.26-05.41.56:908][992]LogModuleManager: Shutting down and abandoning module HardwareSurvey (494)
[2019.10.26-05.41.56:908][992]LogModuleManager: Shutting down and abandoning module SequenceRecorderSections (492)
[2019.10.26-05.41.56:908][992]LogModuleManager: Shutting down and abandoning module AutomationWorker (490)
[2019.10.26-05.41.56:908][992]LogModuleManager: Shutting down and abandoning module MatineeToLevelSequence (488)
[2019.10.26-05.41.56:908][992]LogModuleManager: Shutting down and abandoning module LevelSequenceEditor (486)
[2019.10.26-05.41.56:908][992]LogModuleManager: Shutting down and abandoning module PlacementMode (485)
[2019.10.26-05.41.56:908][992]LogModuleManager: Shutting down and abandoning module WmfMediaFactory (482)
[2019.10.26-05.41.56:908][992]LogModuleManager: Shutting down and abandoning module WmfMediaEditor (480)
[2019.10.26-05.41.56:908][992]LogModuleManager: Shutting down and abandoning module AvfMediaFactory (478)
[2019.10.26-05.41.56:908][992]LogModuleManager: Shutting down and abandoning module AvfMediaEditor (476)
[2019.10.26-05.41.56:908][992]LogModuleManager: Shutting down and abandoning module AndroidMediaFactory (474)
[2019.10.26-05.41.56:908][992]LogModuleManager: Shutting down and abandoning module Media (473)
[2019.10.26-05.41.56:908][992]LogModuleManager: Shutting down and abandoning module AndroidMediaEditor (470)
[2019.10.26-05.41.56:908][992]LogModuleManager: Shutting down and abandoning module CharacterAI (468)
[2019.10.26-05.41.56:908][992]LogModuleManager: Shutting down and abandoning module AudioCapture (466)
[2019.10.26-05.41.56:908][992]LogModuleManager: Shutting down and abandoning module SequenceRecorder (465)
[2019.10.26-05.41.56:908][992]LogModuleManager: Shutting down and abandoning module SmartSnapping (462)
[2019.10.26-05.41.56:908][992]LogModuleManager: Shutting down and abandoning module SessionServices (460)
[2019.10.26-05.41.56:908][992]LogModuleManager: Shutting down and abandoning module ViewportSnapping (458)
[2019.10.26-05.41.56:908][992]LogModuleManager: Shutting down and abandoning module ViewportInteraction (456)
[2019.10.26-05.41.56:908][992]LogModuleManager: Shutting down and abandoning module ClothPainter (454)
[2019.10.26-05.41.56:908][992]LogModuleManager: Shutting down and abandoning module LogVisualizer (452)
[2019.10.26-05.41.56:908][992]LogModuleManager: Shutting down and abandoning module IntroTutorials (450)
[2019.10.26-05.41.56:908][992]LogModuleManager: Shutting down and abandoning module GameProjectGeneration (449)
[2019.10.26-05.41.56:908][992]LogModuleManager: Shutting down and abandoning module EditorLiveStreaming (446)
[2019.10.26-05.41.56:908][992]LogModuleManager: Shutting down and abandoning module IOSPlatformEditor (444)
[2019.10.26-05.41.56:908][992]LogModuleManager: Shutting down and abandoning module HTML5PlatformEditor (442)
[2019.10.26-05.41.56:908][992]LogModuleManager: Shutting down and abandoning module AndroidPlatformEditor (440)
[2019.10.26-05.41.56:908][992]LogModuleManager: Shutting down and abandoning module AndroidDeviceDetection (439)
[2019.10.26-05.41.57:181][992]LogModuleManager: Shutting down and abandoning module IOSRuntimeSettings (436)
[2019.10.26-05.41.57:181][992]LogModuleManager: Shutting down and abandoning module AndroidRuntimeSettings (434)
[2019.10.26-05.41.57:181][992]LogModuleManager: Shutting down and abandoning module InputBindingEditor (432)
[2019.10.26-05.41.57:181][992]LogModuleManager: Shutting down and abandoning module MergeActors (430)
[2019.10.26-05.41.57:181][992]LogModuleManager: Shutting down and abandoning module SizeMap (428)
[2019.10.26-05.41.57:181][992]LogModuleManager: Shutting down and abandoning module TreeMap (426)
[2019.10.26-05.41.57:181][992]LogModuleManager: Shutting down and abandoning module ReferenceViewer (424)
[2019.10.26-05.41.57:181][992]LogModuleManager: Shutting down and abandoning module LocalizationDashboard (422)
[2019.10.26-05.41.57:181][992]LogModuleManager: Shutting down and abandoning module LocalizationService (421)
[2019.10.26-05.41.57:181][992]LogModuleManager: Shutting down and abandoning module HardwareTargeting (418)
[2019.10.26-05.41.57:181][992]LogModuleManager: Shutting down and abandoning module DeviceProfileEditor (416)
[2019.10.26-05.41.57:181][992]LogModuleManager: Shutting down and abandoning module UndoHistory (414)
[2019.10.26-05.41.57:181][992]LogModuleManager: Shutting down and abandoning module UserFeedback (412)
[2019.10.26-05.41.57:181][992]LogModuleManager: Shutting down and abandoning module XmlParser (410)
[2019.10.26-05.41.57:181][992]LogModuleManager: Shutting down and abandoning module Blutility (408)
[2019.10.26-05.41.57:181][992]LogModuleManager: Shutting down and abandoning module ProjectSettingsViewer (406)
[2019.10.26-05.41.57:181][992]LogModuleManager: Shutting down and abandoning module ProjectTargetPlatformEditor (405)
[2019.10.26-05.41.57:181][992]LogModuleManager: Shutting down and abandoning module EditorSettingsViewer (402)
[2019.10.26-05.41.57:181][992]LogModuleManager: Shutting down and abandoning module SettingsEditor (400)
[2019.10.26-05.41.57:181][992]LogModuleManager: Shutting down and abandoning module ProjectLauncher (398)
[2019.10.26-05.41.57:181][992]LogModuleManager: Shutting down and abandoning module SessionFrontend (396)
[2019.10.26-05.41.57:181][992]LogModuleManager: Shutting down and abandoning module ProfilerClient (394)
[2019.10.26-05.41.57:181][992]LogModuleManager: Shutting down and abandoning module DeviceManager (392)
[2019.10.26-05.41.57:182][992]LogModuleManager: Shutting down and abandoning module TargetDeviceServices (391)
[2019.10.26-05.41.57:235][992]LogModuleManager: Shutting down and abandoning module AutomationController (388)
[2019.10.26-05.41.57:235][992]LogModuleManager: Shutting down and abandoning module AutomationWindow (386)
[2019.10.26-05.41.57:235][992]LogModuleManager: Shutting down and abandoning module Layers (384)
[2019.10.26-05.41.57:235][992]LogModuleManager: Shutting down and abandoning module ComponentVisualizers (382)
[2019.10.26-05.41.57:235][992]LogModuleManager: Shutting down and abandoning module DetailCustomizations (380)
[2019.10.26-05.41.57:235][992]LogModuleManager: Shutting down and abandoning module PackagesDialog (378)
[2019.10.26-05.41.57:235][992]LogModuleManager: Shutting down and abandoning module Persona (376)
[2019.10.26-05.41.57:235][992]LogModuleManager: Shutting down and abandoning module AdvancedPreviewScene (375)
[2019.10.26-05.41.57:235][992]LogModuleManager: Shutting down and abandoning module AnimGraph (373)
[2019.10.26-05.41.57:235][992]LogModuleManager: Shutting down and abandoning module Kismet (370)
[2019.10.26-05.41.57:236][992]LogModuleManager: Shutting down and abandoning module ClassViewer (368)
[2019.10.26-05.41.57:236][992]LogModuleManager: Shutting down and abandoning module Toolbox (366)
[2019.10.26-05.41.57:236][992]LogModuleManager: Shutting down and abandoning module ModuleUI (364)
[2019.10.26-05.41.57:236][992]LogModuleManager: Shutting down and abandoning module MovieSceneTools (362)
[2019.10.26-05.41.57:236][992]LogModuleManager: Shutting down and abandoning module OutputLog (360)
[2019.10.26-05.41.57:236][992]LogModuleManager: Shutting down and abandoning module GammaUI (358)
[2019.10.26-05.41.57:236][992]LogModuleManager: Shutting down and abandoning module Documentation (356)
[2019.10.26-05.41.57:236][992]LogModuleManager: Shutting down and abandoning module MovieSceneTracks (354)
[2019.10.26-05.41.57:236][992]LogModuleManager: Shutting down and abandoning module MovieScene (352)
[2019.10.26-05.41.57:236][992]LogModuleManager: Shutting down and abandoning module Niagara (350)
[2019.10.26-05.41.57:236][992]LogModuleManager: Shutting down and abandoning module NiagaraEditor (349)
[2019.10.26-05.41.57:236][992]LogModuleManager: Shutting down and abandoning module StreamingPauseRendering (346)
[2019.10.26-05.41.57:236][992]LogModuleManager: Shutting down and abandoning module AnalyticsET (344)
[2019.10.26-05.41.57:236][992]LogModuleManager: Shutting down and abandoning module PortalServices (342)
[2019.10.26-05.41.57:236][992]LogModuleManager: Shutting down and abandoning module PortalRpc (340)
[2019.10.26-05.41.57:236][992]LogModuleManager: Shutting down and abandoning module MessagingRpc (338)
[2019.10.26-05.41.57:236][992]LogModuleManager: Shutting down and abandoning module AIModule (336)
[2019.10.26-05.41.57:236][992]LogModuleManager: Shutting down and abandoning module GameplayDebugger (335)
[2019.10.26-05.41.57:236][992]LogModuleManager: Shutting down and abandoning module AITestSuite (333)
[2019.10.26-05.41.57:236][992]LogModuleManager: Shutting down and abandoning module ProfilerService (330)
[2019.10.26-05.41.57:379][992]LogModuleManager: Shutting down and abandoning module TaskGraph (328)
[2019.10.26-05.41.57:379][992]LogModuleManager: Shutting down and abandoning module IM4U (326)
[2019.10.26-05.41.57:379][992]LogModuleManager: Shutting down and abandoning module SteamVRController (324)
[2019.10.26-05.41.57:379][992]LogModuleManager: Shutting down and abandoning module SteamVR (322)
[2019.10.26-05.41.57:379][992]LogModuleManager: Shutting down and abandoning module ProceduralMeshComponentEditor (320)
[2019.10.26-05.41.57:379][992]LogModuleManager: Shutting down and abandoning module ProceduralMeshComponent (318)
[2019.10.26-05.41.57:379][992]LogModuleManager: Shutting down and abandoning module OculusLibrary (316)
[2019.10.26-05.41.57:379][992]LogModuleManager: Shutting down and abandoning module OculusInput (314)
[2019.10.26-05.41.57:379][992]LogModuleManager: Shutting down and abandoning module MobilePatchingUtils (312)
[2019.10.26-05.41.57:379][992]LogModuleManager: Shutting down and abandoning module CustomMeshComponent (310)
[2019.10.26-05.41.57:379][992]LogModuleManager: Shutting down and abandoning module CableComponent (308)
[2019.10.26-05.41.57:379][992]LogModuleManager: Shutting down and abandoning module ArchVisCharacter (306)
[2019.10.26-05.41.57:379][992]LogModuleManager: Shutting down and abandoning module AndroidPermission (304)
[2019.10.26-05.41.57:379][992]LogModuleManager: Shutting down and abandoning module MediaPlayerEditor (300)
[2019.10.26-05.41.57:379][992]LogModuleManager: Shutting down and abandoning module HTML5Networking (298)
[2019.10.26-05.41.57:379][992]LogModuleManager: Shutting down and abandoning module AlembicImporter (296)
[2019.10.26-05.41.57:379][992]LogModuleManager: Shutting down and abandoning module AlembicLibrary (295)
[2019.10.26-05.41.57:379][992]LogModuleManager: Shutting down and abandoning module GeometryCache (294)
[2019.10.26-05.41.57:379][992]LogModuleManager: Shutting down and abandoning module GeometryCacheEd (293)
[2019.10.26-05.41.57:379][992]LogModuleManager: Shutting down and abandoning module SuperSearchEditor (288)
[2019.10.26-05.41.57:379][992]LogModuleManager: Shutting down and abandoning module SuperSearch (287)
[2019.10.26-05.41.57:379][992]LogModuleManager: Shutting down and abandoning module SpeedTreeImporter (284)
[2019.10.26-05.41.57:379][992]LogModuleManager: Shutting down and abandoning module PluginBrowser (282)
[2019.10.26-05.41.57:379][992]LogModuleManager: Shutting down and abandoning module MobileLauncherProfileWizard (280)
[2019.10.26-05.41.57:379][992]LogModuleManager: Shutting down and abandoning module VisualStudioSourceCodeAccess (278)
[2019.10.26-05.41.57:379][992]LogModuleManager: Shutting down and abandoning module DesktopPlatform (277)
[2019.10.26-05.41.57:379][992]LogModuleManager: Shutting down and abandoning module UObjectPlugin (274)
[2019.10.26-05.41.57:380][992]LogModuleManager: Shutting down and abandoning module SubversionSourceControl (272)
[2019.10.26-05.41.57:380][992]LogModuleManager: Shutting down and abandoning module PerforceSourceControl (270)
[2019.10.26-05.41.57:380][992]LogModuleManager: Shutting down and abandoning module GitSourceControl (268)
[2019.10.26-05.41.57:380][992]LogModuleManager: Shutting down and abandoning module SourceControl (267)
[2019.10.26-05.41.57:380][992]LogModuleManager: Shutting down and abandoning module LightPropagationVolumeEditor (264)
[2019.10.26-05.41.57:380][992]LogModuleManager: Shutting down and abandoning module PaperTiledImporter (262)
[2019.10.26-05.41.57:380][992]LogModuleManager: Shutting down and abandoning module PaperSpriteSheetImporter (260)
[2019.10.26-05.41.57:380][992]LogModuleManager: Shutting down and abandoning module Paper2DEditor (258)
[2019.10.26-05.41.57:380][992]LogModuleManager: Shutting down and abandoning module MeshPaint (257)
[2019.10.26-05.41.57:380][992]LogModuleManager: Shutting down and abandoning module LevelEditor (255)
[2019.10.26-05.41.57:380][992]LogModuleManager: Shutting down and abandoning module PixelInspectorModule (254)
[2019.10.26-05.41.57:380][992]LogModuleManager: Shutting down and abandoning module MainFrame (252)
[2019.10.26-05.41.57:380][992]LogModuleManager: Shutting down and abandoning module HotReload (251)
[2019.10.26-05.41.57:380][992]LogDirectoryWatcher: A directory notification for 'C:/Users/densan/Documents/GitHub/hizamakura2019/Plugins/IM4U/Binaries/Win64' was aborted.
[2019.10.26-05.41.57:381][992]LogModuleManager: Shutting down and abandoning module PhysXVehiclesEditor (246)
[2019.10.26-05.41.57:381][992]LogModuleManager: Shutting down and abandoning module PhysXVehicles (244)
[2019.10.26-05.41.57:381][992]LogModuleManager: Shutting down and abandoning module LocationServicesBPLibrary (242)
[2019.10.26-05.41.57:381][992]LogModuleManager: Shutting down and abandoning module ImmediatePhysicsEditor (240)
[2019.10.26-05.41.57:381][992]LogModuleManager: Shutting down and abandoning module ImmediatePhysics (238)
[2019.10.26-05.41.57:381][992]LogModuleManager: Shutting down and abandoning module UdpMessaging (236)
[2019.10.26-05.41.57:482][992]LogModuleManager: Shutting down and abandoning module TcpMessaging (234)
[2019.10.26-05.41.57:583][992]LogModuleManager: Shutting down and abandoning module GameplayTagsEditor (232)
[2019.10.26-05.41.57:583][992]LogModuleManager: Shutting down and abandoning module FacialAnimationEditor (230)
[2019.10.26-05.41.57:583][992]LogModuleManager: Shutting down and abandoning module FacialAnimation (228)
[2019.10.26-05.41.57:583][992]LogModuleManager: Shutting down and abandoning module AssetManagerEditor (226)
[2019.10.26-05.41.57:583][992]LogModuleManager: Shutting down and abandoning module GraphEditor (225)
[2019.10.26-05.41.57:583][992]LogModuleManager: Shutting down and abandoning module ContentBrowser (223)
[2019.10.26-05.41.57:583][992]LogModuleManager: Shutting down and abandoning module LightPropagationVolumeRuntime (220)
[2019.10.26-05.41.57:583][992]LogModuleManager: Shutting down and abandoning module Paper2D (218)
[2019.10.26-05.41.57:583][992]LogModuleManager: Shutting down and abandoning module WindowsMoviePlayer (216)
[2019.10.26-05.41.57:583][992]LogModuleManager: Shutting down and abandoning module WmfMedia (214)
[2019.10.26-05.41.57:585][992]LogModuleManager: Shutting down and abandoning module ClothingSystemEditor (212)
[2019.10.26-05.41.57:585][992]LogModuleManager: Shutting down and abandoning module ClothingSystemRuntime (210)
[2019.10.26-05.41.57:585][992]LogModuleManager: Shutting down and abandoning module MediaAssets (208)
[2019.10.26-05.41.57:585][992]LogModuleManager: Shutting down and abandoning module GameLiveStreaming (206)
[2019.10.26-05.41.57:585][992]LogModuleManager: Shutting down and abandoning module VREditor (204)
[2019.10.26-05.41.57:585][992]LogModuleManager: Shutting down and abandoning module StringTableEditor (202)
[2019.10.26-05.41.57:585][992]LogModuleManager: Shutting down and abandoning module GameplayTasksEditor (200)
[2019.10.26-05.41.57:585][992]LogModuleManager: Shutting down and abandoning module BehaviorTreeEditor (198)
[2019.10.26-05.41.57:585][992]LogModuleManager: Shutting down and abandoning module FunctionalTesting (196)
[2019.10.26-05.41.57:585][992]LogModuleManager: Shutting down and abandoning module CollisionAnalyzer (194)
[2019.10.26-05.41.57:585][992]LogModuleManager: Shutting down and abandoning module UMG (192)
[2019.10.26-05.41.57:585][992]LogModuleManager: Shutting down and abandoning module UMGEditor (191)
[2019.10.26-05.41.57:585][992]LogModuleManager: Shutting down and abandoning module Sequencer (190)
[2019.10.26-05.41.57:585][992]LogModuleManager: Shutting down and abandoning module AssetTools (188)
[2019.10.26-05.41.57:585][992]LogModuleManager: Shutting down and abandoning module MessageLog (187)
[2019.10.26-05.41.57:585][992]LogModuleManager: Shutting down and abandoning module WorkspaceMenuStructure (186)
[2019.10.26-05.41.57:585][992]LogModuleManager: Shutting down and abandoning module SlateReflector (180)
[2019.10.26-05.41.57:585][992]LogModuleManager: Shutting down and abandoning module Slate (178)
[2019.10.26-05.41.57:585][992]LogModuleManager: Shutting down and abandoning module EditorStyle (176)
[2019.10.26-05.41.57:587][992]LogModuleManager: Shutting down and abandoning module SourceCodeAccess (174)
[2019.10.26-05.41.57:587][992]LogModuleManager: Shutting down and abandoning module HeadMountedDisplay (172)
[2019.10.26-05.41.57:587][992]LogModuleManager: Shutting down and abandoning module XAudio2 (170)
[2019.10.26-05.41.57:587][992]LogModuleManager: Shutting down and abandoning module Networking (168)
[2019.10.26-05.41.57:587][992]LogModuleManager: Shutting down and abandoning module Core (164)
[2019.10.26-05.41.57:587][992]LogModuleManager: Shutting down and abandoning module AssetRegistry (162)
[2019.10.26-05.41.57:755][992]LogDirectoryWatcher: A directory notification for '../../../Engine/Content/' was aborted.
[2019.10.26-05.41.57:755][992]LogDirectoryWatcher: A directory notification for '../../../../../../Users/densan/Documents/GitHub/hizamakura2019/Content/' was aborted.
[2019.10.26-05.41.57:755][992]LogDirectoryWatcher: A directory notification for '../../../Engine/Plugins/2D/Paper2D/Content/' was aborted.
[2019.10.26-05.41.57:755][992]LogDirectoryWatcher: A directory notification for '../../../Engine/Plugins/Runtime/GearVR/Content/' was aborted.
[2019.10.26-05.41.57:755][992]LogDirectoryWatcher: A directory notification for '../../../../../../Users/densan/Documents/GitHub/hizamakura2019/Plugins/IM4U/Content/' was aborted.
[2019.10.26-05.41.57:757][992]LogModuleManager: Shutting down and abandoning module DirectoryWatcher (161)
[2019.10.26-05.41.57:757][992]LogModuleManager: Shutting down and abandoning module KismetCompiler (158)
[2019.10.26-05.41.57:757][992]LogModuleManager: Shutting down and abandoning module LevelSequence (156)
[2019.10.26-05.41.57:757][992]LogModuleManager: Shutting down and abandoning module PhysXFormats (154)
[2019.10.26-05.41.57:757][992]LogModuleManager: Shutting down and abandoning module MeshUtilities (152)
[2019.10.26-05.41.57:757][992]LogModuleManager: Shutting down and abandoning module SimplygonSwarm (151)
[2019.10.26-05.41.57:757][992]LogModuleManager: Shutting down and abandoning module SimplygonMeshReduction (149)
[2019.10.26-05.41.57:757][992]LogModuleManager: Shutting down and abandoning module QuadricMeshReduction (147)
[2019.10.26-05.41.57:757][992]LogModuleManager: Shutting down and abandoning module DerivedDataCache (144)
[2019.10.26-05.41.57:846][992]LogDerivedDataCache: Shutdown
[2019.10.26-05.41.57:846][992]LogModuleManager: Shutting down and abandoning module TargetPlatform (142)
[2019.10.26-05.41.57:846][992]LogModuleManager: Shutting down and abandoning module VulkanShaderFormat (141)
[2019.10.26-05.41.57:846][992]LogModuleManager: Shutting down and abandoning module ShaderFormatVectorVM (139)
[2019.10.26-05.41.57:846][992]LogModuleManager: Shutting down and abandoning module ShaderFormatOpenGL (137)
[2019.10.26-05.41.57:846][992]LogModuleManager: Shutting down and abandoning module ShaderFormatD3D (135)
[2019.10.26-05.41.57:846][992]LogModuleManager: Shutting down and abandoning module MetalShaderFormat (133)
[2019.10.26-05.41.57:846][992]LogModuleManager: Shutting down and abandoning module TextureFormatUncompressed (131)
[2019.10.26-05.41.57:846][992]LogModuleManager: Shutting down and abandoning module TextureFormatPVR (129)
[2019.10.26-05.41.57:846][992]LogModuleManager: Shutting down and abandoning module TextureFormatDXT (127)
[2019.10.26-05.41.57:846][992]LogModuleManager: Shutting down and abandoning module TextureFormatIntelISPCTexComp (125)
[2019.10.26-05.41.57:846][992]LogModuleManager: Shutting down and abandoning module TextureFormatASTC (123)
[2019.10.26-05.41.57:846][992]LogModuleManager: Shutting down and abandoning module ImageWrapper (122)
[2019.10.26-05.41.57:846][992]LogModuleManager: Shutting down and abandoning module TextureFormatAndroid (119)
[2019.10.26-05.41.57:846][992]LogModuleManager: Shutting down and abandoning module AudioFormatOpus (117)
[2019.10.26-05.41.57:846][992]LogModuleManager: Shutting down and abandoning module AudioFormatOgg (115)
[2019.10.26-05.41.57:846][992]LogModuleManager: Shutting down and abandoning module AudioFormatADPCM (113)
[2019.10.26-05.41.57:847][992]LogModuleManager: Shutting down and abandoning module LinuxTargetPlatform (111)
[2019.10.26-05.41.57:847][992]LogModuleManager: Shutting down and abandoning module LinuxServerTargetPlatform (109)
[2019.10.26-05.41.57:847][992]LogModuleManager: Shutting down and abandoning module LinuxNoEditorTargetPlatform (107)
[2019.10.26-05.41.57:847][992]LogModuleManager: Shutting down and abandoning module LinuxClientTargetPlatform (105)
[2019.10.26-05.41.57:847][992]LogModuleManager: Shutting down and abandoning module TVOSTargetPlatform (103)
[2019.10.26-05.41.57:847][992]LogModuleManager: Shutting down and abandoning module Messaging (101)
[2019.10.26-05.41.57:847][992]LogModuleManager: Shutting down and abandoning module IOSTargetPlatform (99)
[2019.10.26-05.41.57:847][992]LogModuleManager: Shutting down and abandoning module HTML5TargetPlatform (97)
[2019.10.26-05.41.57:847][992]LogModuleManager: Shutting down and abandoning module Android_PVRTCTargetPlatform (95)
[2019.10.26-05.41.57:847][992]LogModuleManager: Shutting down and abandoning module Android_MultiTargetPlatform (93)
[2019.10.26-05.41.57:847][992]LogModuleManager: Shutting down and abandoning module Android_ETC2TargetPlatform (91)
[2019.10.26-05.41.57:847][992]LogModuleManager: Shutting down and abandoning module Android_ETC1TargetPlatform (89)
[2019.10.26-05.41.57:847][992]LogModuleManager: Shutting down and abandoning module Android_DXTTargetPlatform (87)
[2019.10.26-05.41.57:847][992]LogModuleManager: Shutting down and abandoning module Android_ATCTargetPlatform (85)
[2019.10.26-05.41.57:847][992]LogModuleManager: Shutting down and abandoning module Android_ASTCTargetPlatform (83)
[2019.10.26-05.41.57:847][992]LogModuleManager: Shutting down and abandoning module AndroidTargetPlatform (81)
[2019.10.26-05.41.57:847][992]LogModuleManager: Shutting down and abandoning module WindowsTargetPlatform (79)
[2019.10.26-05.41.57:847][992]LogModuleManager: Shutting down and abandoning module WindowsServerTargetPlatform (77)
[2019.10.26-05.41.57:847][992]LogModuleManager: Shutting down and abandoning module WindowsNoEditorTargetPlatform (75)
[2019.10.26-05.41.57:847][992]LogModuleManager: Shutting down and abandoning module WindowsClientTargetPlatform (73)
[2019.10.26-05.41.57:847][992]LogModuleManager: Shutting down and abandoning module MacTargetPlatform (71)
[2019.10.26-05.41.57:847][992]LogModuleManager: Shutting down and abandoning module MacServerTargetPlatform (69)
[2019.10.26-05.41.57:847][992]LogModuleManager: Shutting down and abandoning module MacNoEditorTargetPlatform (67)
[2019.10.26-05.41.57:847][992]LogModuleManager: Shutting down and abandoning module MacClientTargetPlatform (65)
[2019.10.26-05.41.57:847][992]LogModuleManager: Shutting down and abandoning module AllDesktopTargetPlatform (63)
[2019.10.26-05.41.57:847][992]LogModuleManager: Shutting down and abandoning module InputCore (60)
[2019.10.26-05.41.57:847][992]LogModuleManager: Shutting down and abandoning module Settings (58)
[2019.10.26-05.41.57:847][992]LogModuleManager: Shutting down and abandoning module OculusRift (56)
[2019.10.26-05.41.57:847][992]LogModuleManager: Shutting down and abandoning module GearVRController (54)
[2019.10.26-05.41.57:847][992]LogModuleManager: Shutting down and abandoning module GearVR (52)
[2019.10.26-05.41.57:847][992]LogModuleManager: Shutting down and abandoning module ExampleDeviceProfileSelector (50)
[2019.10.26-05.41.57:847][992]LogModuleManager: Shutting down and abandoning module OnlineBlueprintSupport (48)
[2019.10.26-05.41.57:847][992]LogModuleManager: Shutting down and abandoning module OnlineSubsystem (44)
[2019.10.26-05.41.57:847][992]LogOnline:Display: Unloading online subsystem: NULL
[2019.10.26-05.41.57:847][992]LogModuleManager: Shutting down and abandoning module XMPP (43)
[2019.10.26-05.41.57:847][992]LogModuleManager: Shutting down and abandoning module HTTP (41)
[2019.10.26-05.41.57:847][992]LogHttp:Display: Http module shutting down, but needs to wait on 1 outstanding Http requests:
[2019.10.26-05.41.57:847][992]LogHttp:Display: 	verb=[POST] url=[https://datarouter.ol.epicgames.com/datarouter/api/v1/public/data?SessionID=%7BD288A655-47F0-E161-359C-FEBB57BC120D%7D&AppID=UEEditor.Rocket.Release&AppVersion=4.16.3-3561208%2B%2B%2BUE4%2BRelease-4.16&UserID=6440e1da4c2a4657806efb82b0665496%7C233b43acc2594acea471b90123722db2%7C69b368c5-ae85-45e4-9861-dd65847fc230&AppEnvironment=datacollector-binary&UploadType=eteventstream] status=Processing
[2019.10.26-05.41.57:858][992]LogModuleManager: Shutting down and abandoning module SSL (40)
[2019.10.26-05.41.57:859][992]LogModuleManager: Shutting down and abandoning module HTTPChunkInstaller (36)
[2019.10.26-05.41.57:859][992]LogModuleManager: Shutting down and abandoning module AnimationModifiers (34)
[2019.10.26-05.41.57:859][992]LogModuleManager: Shutting down and abandoning module PropertyEditor (33)
[2019.10.26-05.41.57:859][992]LogModuleManager: Shutting down and abandoning module AudioEditor (30)
[2019.10.26-05.41.57:859][992]LogModuleManager: Shutting down and abandoning module TextureCompressor (28)
[2019.10.26-05.41.57:859][992]LogModuleManager: Shutting down and abandoning module ShaderCore (26)
[2019.10.26-05.41.57:859][992]LogModuleManager: Shutting down and abandoning module Landscape (24)
[2019.10.26-05.41.57:859][992]LogModuleManager: Shutting down and abandoning module SlateRHIRenderer (22)
[2019.10.26-05.41.57:859][992]LogModuleManager: Shutting down and abandoning module OpenGLDrv (20)
[2019.10.26-05.41.57:860][992]LogModuleManager: Shutting down and abandoning module D3D11RHI (18)
[2019.10.26-05.41.57:860][992]LogModuleManager: Shutting down and abandoning module AnimGraphRuntime (16)
[2019.10.26-05.41.57:860][992]LogModuleManager: Shutting down and abandoning module Renderer (14)
[2019.10.26-05.41.57:860][992]LogModuleManager: Shutting down and abandoning module Engine (12)
[2019.10.26-05.41.57:860][992]LogModuleManager: Shutting down and abandoning module CoreUObject (10)
[2019.10.26-05.41.57:860][992]LogModuleManager: Shutting down and abandoning module NetworkFile (8)
[2019.10.26-05.41.57:860][992]LogModuleManager: Shutting down and abandoning module StreamingFile (6)
[2019.10.26-05.41.57:860][992]LogModuleManager: Shutting down and abandoning module SandboxFile (4)
[2019.10.26-05.41.57:860][992]LogModuleManager: Shutting down and abandoning module PakFile (2)
[2019.10.26-05.41.57:861][992]LogExit: Exiting.
[2019.10.26-05.41.57:863][992]Log file closed, 10/26/19 14:41:57
